<?xml version="1.0" encoding="UTF-8"?>
<testsuite xmlns:xsi="http://www.w3.org/2001/XMLSchema-instance" xsi:noNamespaceSchemaLocation="https://maven.apache.org/surefire/maven-surefire-plugin/xsd/surefire-test-report.xsd" version="3.0.2" name="com.example.pojo.ItcastSystemSpringbootApplicationTests" time="3.387" tests="2" errors="0" skipped="0" failures="0">
  <properties>
[...]
</properties>
  <testcase name="genJwt" classname="com.example.pojo.ItcastSystemSpringbootApplicationTests" time="0.67">
    <system-out><![CDATA[21:12:35.150 [main] INFO org.springframework.test.context.support.AnnotationConfigContextLoaderUtils -- Could not detect default configuration classes for test class [com.example.pojo.ItcastSystemSpringbootApplicationTests]: ItcastSystemSpringbootApplicationTests does not declare any static, non-private, non-final, nested classes annotated with @Configuration.
21:12:35.257 [main] INFO org.springframework.boot.test.context.SpringBootTestContextBootstrapper -- Found @SpringBootConfiguration com.example.ItcastSystemSpringbootApplication for test class com.example.pojo.ItcastSystemSpringbootApplicationTests

  .   ____          _            __ _ _
 /\\ / ___'_ __ _ _(_)_ __  __ _ \ \ \ \
( ( )\___ | '_ | '_| | '_ \/ _` | \ \ \ \
 \\/  ___)| |_)| | | | | || (_| |  ) ) ) )
  '  |____| .__|_| |_|_| |_\__, | / / / /
 =========|_|==============|___/=/_/_/_/

 :: Spring Boot ::               (v3.4.13)

2026-01-08T21:12:35.761+08:00  INFO 17376 --- [itcast_system_springboot] [           main] p.ItcastSystemSpringbootApplicationTests : Starting ItcastSystemSpringbootApplicationTests using Java 21.0.8 with PID 17376 (started by acer in D:\java\javaWeb\myWebCode\SpringBoot\itcast\tlias-parent\itcast_system_springboot)
2026-01-08T21:12:35.762+08:00  INFO 17376 --- [itcast_system_springboot] [           main] p.ItcastSystemSpringbootApplicationTests : No active profile set, falling back to 1 default profile: "default"
Logging initialized using 'class org.apache.ibatis.logging.stdout.StdOutImpl' adapter.


,------.                           ,--.  ,--.         ,--.                         
|  .--. '  ,--,--.  ,---.   ,---.  |  '--'  |  ,---.  |  |  ,---.   ,---.  ,--.--. 
|  '--' | ' ,-.  | | .-. | | .-. : |  .--.  | | .-. : |  | | .-. | | .-. : |  .--' 
|  | --'  \ '-'  | ' '-' ' \   --. |  |  |  | \   --. |  | | '-' ' \   --. |  |    
`--'       `--`--' .`-  /   `----' `--'  `--'  `----' `--' |  |-'   `----' `--'    
                   `---'                                   `--'                        is intercepting.

2026-01-08T21:12:37.712+08:00  INFO 17376 --- [itcast_system_springboot] [           main] p.ItcastSystemSpringbootApplicationTests : Started ItcastSystemSpringbootApplicationTests in 2.289 seconds (process running for 3.111)
eyJhbGciOiJIUzI1NiJ9.eyJpZCI6MSwiZXhwIjoxNzY3OTY0MzU4LCJ1c2VybmFtZSI6IlRvbSJ9.VSErnpSnIJbzb6iqDrY2WD22gLNCHKYrKNSzQnty7M0
]]></system-out>
    <system-err><![CDATA[Mockito is currently self-attaching to enable the inline-mock-maker. This will no longer work in future releases of the JDK. Please add Mockito as an agent to your build what is described in Mockito's documentation: https://javadoc.io/doc/org.mockito/mockito-core/latest/org/mockito/Mockito.html#0.3
WARNING: A Java agent has been loaded dynamically (D:\Develop\Maven\maven-repository\net\bytebuddy\byte-buddy-agent\1.15.11\byte-buddy-agent-1.15.11.jar)
WARNING: If a serviceability tool is in use, please run with -XX:+EnableDynamicAgentLoading to hide this warning
WARNING: If a serviceability tool is not in use, please run with -Djdk.instrument.traceUsage for more information
WARNING: Dynamic loading of agents will be disallowed by default in a future release
]]></system-err>
  </testcase>
  <testcase name="contextLoads" classname="com.example.pojo.ItcastSystemSpringbootApplicationTests" time="0.003"/>
</testsuite>